# JRE version: OpenJDK Runtime Environment (8.0_45-b14) (build 1.8.0_45-b14)
# Java VM: OpenJDK 64-Bit Server VM (25.45-b02 mixed mode linux-amd64 compressed oops)
Heap:
 PSYoungGen      total 138240K, used 11413K [0x00000000eb900000, 0x00000000f4c80000, 0x0000000100000000)
  eden space 125440K, 0% used [0x00000000eb900000,0x00000000eb900000,0x00000000f3380000)
  from space 12800K, 89% used [0x00000000f3380000,0x00000000f3ea56e8,0x00000000f4000000)
  to   space 9216K, 0% used [0x00000000f4380000,0x00000000f4380000,0x00000000f4c80000)
 ParOldGen       total 53248K, used 27926K [0x00000000c2a00000, 0x00000000c5e00000, 0x00000000eb900000)
  object space 53248K, 52% used [0x00000000c2a00000,0x00000000c4545838,0x00000000c5e00000)
 Metaspace       used 11544K, capacity 11688K, committed 11904K, reserved 1060864K
  class space    used 1329K, capacity 1385K, committed 1408K, reserved 1048576K
GC Heap History (10 events):
Event: 5.837 GC heap after
Heap after GC invocations=11 (full 0):
 PSYoungGen      total 60928K, used 160K [0x00000000eb900000, 0x00000000f1e80000, 0x0000000100000000)
  eden space 50176K, 0% used [0x00000000eb900000,0x00000000eb900000,0x00000000eea00000)
  from space 10752K, 1% used [0x00000000eea00000,0x00000000eea28000,0x00000000ef480000)
  to   space 11776K, 0% used [0x00000000f1300000,0x00000000f1300000,0x00000000f1e80000)
 ParOldGen       total 42496K, used 34599K [0x00000000c2a00000, 0x00000000c5380000, 0x00000000eb900000)
  object space 42496K, 81% used [0x00000000c2a00000,0x00000000c4bc9d68,0x00000000c5380000)
 Metaspace       used 11381K, capacity 11560K, committed 11648K, reserved 1058816K
  class space    used 1323K, capacity 1385K, committed 1408K, reserved 1048576K
}
Event: 7.683 GC heap before
{Heap before GC invocations=12 (full 0):
 PSYoungGen      total 60928K, used 50286K [0x00000000eb900000, 0x00000000f1e80000, 0x0000000100000000)
  eden space 50176K, 99% used [0x00000000eb900000,0x00000000ee9f3a68,0x00000000eea00000)
  from space 10752K, 1% used [0x00000000eea00000,0x00000000eea28000,0x00000000ef480000)
  to   space 11776K, 0% used [0x00000000f1300000,0x00000000f1300000,0x00000000f1e80000)
 ParOldGen       total 42496K, used 34599K [0x00000000c2a00000, 0x00000000c5380000, 0x00000000eb900000)
  object space 42496K, 81% used [0x00000000c2a00000,0x00000000c4bc9d68,0x00000000c5380000)
 Metaspace       used 11459K, capacity 11624K, committed 11648K, reserved 1058816K
  class space    used 1329K, capacity 1385K, committed 1408K, reserved 1048576K
Event: 7.703 GC heap after
Heap after GC invocations=12 (full 0):
 PSYoungGen      total 92160K, used 3326K [0x00000000eb900000, 0x00000000f1e80000, 0x0000000100000000)
  eden space 80384K, 0% used [0x00000000eb900000,0x00000000eb900000,0x00000000f0780000)
  from space 11776K, 28% used [0x00000000f1300000,0x00000000f163f9f8,0x00000000f1e80000)
  to   space 11776K, 0% used [0x00000000f0780000,0x00000000f0780000,0x00000000f1300000)
 ParOldGen       total 42496K, used 34647K [0x00000000c2a00000, 0x00000000c5380000, 0x00000000eb900000)
  object space 42496K, 81% used [0x00000000c2a00000,0x00000000c4bd5d68,0x00000000c5380000)
 Metaspace       used 11459K, capacity 11624K, committed 11648K, reserved 1058816K
  class space    used 1329K, capacity 1385K, committed 1408K, reserved 1048576K
}
Event: 12.397 GC heap before
{Heap before GC invocations=13 (full 0):
 PSYoungGen      total 92160K, used 83683K [0x00000000eb900000, 0x00000000f1e80000, 0x0000000100000000)
  eden space 80384K, 99% used [0x00000000eb900000,0x00000000f0779568,0x00000000f0780000)
  from space 11776K, 28% used [0x00000000f1300000,0x00000000f163f9f8,0x00000000f1e80000)
  to   space 11776K, 0% used [0x00000000f0780000,0x00000000f0780000,0x00000000f1300000)
 ParOldGen       total 42496K, used 34647K [0x00000000c2a00000, 0x00000000c5380000, 0x00000000eb900000)
  object space 42496K, 81% used [0x00000000c2a00000,0x00000000c4bd5d68,0x00000000c5380000)
 Metaspace       used 11530K, capacity 11688K, committed 11904K, reserved 1060864K
  class space    used 1329K, capacity 1385K, committed 1408K, reserved 1048576K
Event: 12.412 GC heap after
Heap after GC invocations=13 (full 0):
 PSYoungGen      total 92160K, used 11393K [0x00000000eb900000, 0x00000000f5000000, 0x0000000100000000)
  eden space 80384K, 0% used [0x00000000eb900000,0x00000000eb900000,0x00000000f0780000)
  from space 11776K, 96% used [0x00000000f0780000,0x00000000f12a04a8,0x00000000f1300000)
  to   space 12800K, 0% used [0x00000000f4380000,0x00000000f4380000,0x00000000f5000000)
 ParOldGen       total 42496K, used 36699K [0x00000000c2a00000, 0x00000000c5380000, 0x00000000eb900000)
  object space 42496K, 86% used [0x00000000c2a00000,0x00000000c4dd6db0,0x00000000c5380000)
 Metaspace       used 11530K, capacity 11688K, committed 11904K, reserved 1060864K
  class space    used 1329K, capacity 1385K, committed 1408K, reserved 1048576K
}
Event: 12.413 GC heap before
{Heap before GC invocations=14 (full 1):
 PSYoungGen      total 92160K, used 11393K [0x00000000eb900000, 0x00000000f5000000, 0x0000000100000000)
  eden space 80384K, 0% used [0x00000000eb900000,0x00000000eb900000,0x00000000f0780000)
  from space 11776K, 96% used [0x00000000f0780000,0x00000000f12a04a8,0x00000000f1300000)
  to   space 12800K, 0% used [0x00000000f4380000,0x00000000f4380000,0x00000000f5000000)
 ParOldGen       total 42496K, used 36699K [0x00000000c2a00000, 0x00000000c5380000, 0x00000000eb900000)
  object space 42496K, 86% used [0x00000000c2a00000,0x00000000c4dd6db0,0x00000000c5380000)
 Metaspace       used 11530K, capacity 11688K, committed 11904K, reserved 1060864K
  class space    used 1329K, capacity 1385K, committed 1408K, reserved 1048576K
Event: 12.449 GC heap after
Heap after GC invocations=14 (full 1):
 PSYoungGen      total 92160K, used 0K [0x00000000eb900000, 0x00000000f5000000, 0x0000000100000000)
  eden space 80384K, 0% used [0x00000000eb900000,0x00000000eb900000,0x00000000f0780000)
  from space 11776K, 0% used [0x00000000f0780000,0x00000000f0780000,0x00000000f1300000)
  to   space 12800K, 0% used [0x00000000f4380000,0x00000000f4380000,0x00000000f5000000)
 ParOldGen       total 53248K, used 27293K [0x00000000c2a00000, 0x00000000c5e00000, 0x00000000eb900000)
  object space 53248K, 51% used [0x00000000c2a00000,0x00000000c44a7708,0x00000000c5e00000)
 Metaspace       used 11530K, capacity 11688K, committed 11904K, reserved 1060864K
  class space    used 1329K, capacity 1385K, committed 1408K, reserved 1048576K
}
Event: 21.013 GC heap before
{Heap before GC invocations=15 (full 1):
 PSYoungGen      total 92160K, used 80384K [0x00000000eb900000, 0x00000000f5000000, 0x0000000100000000)
  eden space 80384K, 100% used [0x00000000eb900000,0x00000000f0780000,0x00000000f0780000)
  from space 11776K, 0% used [0x00000000f0780000,0x00000000f0780000,0x00000000f1300000)
  to   space 12800K, 0% used [0x00000000f4380000,0x00000000f4380000,0x00000000f5000000)
 ParOldGen       total 53248K, used 27293K [0x00000000c2a00000, 0x00000000c5e00000, 0x00000000eb900000)
  object space 53248K, 51% used [0x00000000c2a00000,0x00000000c44a7708,0x00000000c5e00000)
 Metaspace       used 11542K, capacity 11688K, committed 11904K, reserved 1060864K
  class space    used 1329K, capacity 1385K, committed 1408K, reserved 1048576K
Event: 21.793 GC heap after
Heap after GC invocations=15 (full 1):
 PSYoungGen      total 134656K, used 5456K [0x00000000eb900000, 0x00000000f4c80000, 0x0000000100000000)
  eden space 125440K, 0% used [0x00000000eb900000,0x00000000eb900000,0x00000000f3380000)
  from space 9216K, 59% used [0x00000000f4380000,0x00000000f48d42d0,0x00000000f4c80000)
  to   space 12800K, 0% used [0x00000000f3380000,0x00000000f3380000,0x00000000f4000000)
 ParOldGen       total 53248K, used 27301K [0x00000000c2a00000, 0x00000000c5e00000, 0x00000000eb900000)
  object space 53248K, 51% used [0x00000000c2a00000,0x00000000c44a9708,0x00000000c5e00000)
 Metaspace       used 11542K, capacity 11688K, committed 11904K, reserved 1060864K
  class space    used 1329K, capacity 1385K, committed 1408K, reserved 1048576K
}
Event: 67.232 GC heap before
{Heap before GC invocations=16 (full 1):
 PSYoungGen      total 134656K, used 130896K [0x00000000eb900000, 0x00000000f4c80000, 0x0000000100000000)
  eden space 125440K, 100% used [0x00000000eb900000,0x00000000f3380000,0x00000000f3380000)
  from space 9216K, 59% used [0x00000000f4380000,0x00000000f48d42d0,0x00000000f4c80000)
  to   space 12800K, 0% used [0x00000000f3380000,0x00000000f3380000,0x00000000f4000000)
 ParOldGen       total 53248K, used 27301K [0x00000000c2a00000, 0x00000000c5e00000, 0x00000000eb900000)
  object space 53248K, 51% used [0x00000000c2a00000,0x00000000c44a9708,0x00000000c5e00000)
 Metaspace       used 11544K, capacity 11688K, committed 11904K, reserved 1060864K
  class space    used 1329K, capacity 1385K, committed 1408K, reserved 1048576K

